Using pre-set license
Built from '6000.0/staging' branch; Version is '6000.0.55f1 (c5f59906196d) revision 12973465'; Using compiler version '193933523'; Build Type 'Release'
OS: 'Windows 11  (10.0.26100) 64bit Professional' Language: 'zh' Physical Memory: 32454 MB
BatchMode: 1, IsHumanControllingUs: 0, StartBugReporterOnCrash: 0, Is64bit: 1
Date: 2025-09-14T03:25:44Z

COMMAND LINE ARGUMENTS:
C:\Program Files\Unity\Hub\Editor\6000.0.55f1\Editor\Unity.exe
-adb2
-batchMode
-noUpm
-name
AssetImportWorker2
-projectPath
C:/Users/user/RiderProjects/Meowly
-logFile
Logs/AssetImportWorker2.log
-srvPort
12478
-job-worker-count
11
-background-job-worker-count
8
-gc-helper-count
1
Successfully changed project path to: C:/Users/user/RiderProjects/Meowly
C:/Users/user/RiderProjects/Meowly
[UnityMemory] Configuration Parameters - Can be set up in boot.config
    "memorysetup-bucket-allocator-granularity=16"
    "memorysetup-bucket-allocator-bucket-count=8"
    "memorysetup-bucket-allocator-block-size=33554432"
    "memorysetup-bucket-allocator-block-count=8"
    "memorysetup-main-allocator-block-size=16777216"
    "memorysetup-thread-allocator-block-size=16777216"
    "memorysetup-gfx-main-allocator-block-size=16777216"
    "memorysetup-gfx-thread-allocator-block-size=16777216"
    "memorysetup-cache-allocator-block-size=4194304"
    "memorysetup-typetree-allocator-block-size=2097152"
    "memorysetup-profiler-bucket-allocator-granularity=16"
    "memorysetup-profiler-bucket-allocator-bucket-count=8"
    "memorysetup-profiler-bucket-allocator-block-size=33554432"
    "memorysetup-profiler-bucket-allocator-block-count=8"
    "memorysetup-profiler-allocator-block-size=16777216"
    "memorysetup-profiler-editor-allocator-block-size=1048576"
    "memorysetup-temp-allocator-size-main=16777216"
    "memorysetup-job-temp-allocator-block-size=2097152"
    "memorysetup-job-temp-allocator-block-size-background=1048576"
    "memorysetup-job-temp-allocator-reduction-small-platforms=262144"
    "memorysetup-allocator-temp-initial-block-size-main=262144"
    "memorysetup-allocator-temp-initial-block-size-worker=262144"
    "memorysetup-temp-allocator-size-background-worker=32768"
    "memorysetup-temp-allocator-size-job-worker=262144"
    "memorysetup-temp-allocator-size-preload-manager=33554432"
    "memorysetup-temp-allocator-size-nav-mesh-worker=65536"
    "memorysetup-temp-allocator-size-audio-worker=65536"
    "memorysetup-temp-allocator-size-cloud-worker=32768"
    "memorysetup-temp-allocator-size-gi-baking-worker=262144"
    "memorysetup-temp-allocator-size-gi-baking-worker=262144"
    "memorysetup-temp-allocator-size-gi-baking-worker=262144"
    "memorysetup-temp-allocator-size-gi-baking-worker=262144"
    "memorysetup-temp-allocator-size-gi-baking-worker=262144"
    "memorysetup-temp-allocator-size-gfx=262144"
Player connection [15440]  Target information:

Player connection [15440]  * "[IP] 210.62.225.154 [Port] 0 [Flags] 2 [Guid] 1930181676 [EditorId] 1930181676 [Version] 1048832 [Id] WindowsEditor(7,SYB114-04) [Debug] 1 [PackageName] WindowsEditor [ProjectName] Editor" 

Player connection [15440] Host joined multi-casting on [225.0.0.222:54997]...
Player connection [15440] Host joined alternative multi-casting on [225.0.0.222:34997]...
JobSystem: Creating JobQueue using job-worker-count value 11
Input System module state changed to: Initialized.
[Physics::Module] Initialized fallback backend.
[Physics::Module] Id: 0xdecafbad
Library Redirect Path: Library/
[Physics::Module] Selected backend.
[Physics::Module] Name: PhysX
[Physics::Module] Id: 0xf2b8ea05
[Physics::Module] SDK Version: 4.1.2
[Physics::Module] Integration Version: 1.0.0
[Physics::Module] Threading Mode: Multi-Threaded
Refreshing native plugins compatible for Editor in 0.20 ms, found 0 plugins.
Preloading 0 native plugins for Editor in 0.00 ms.
Initialize engine version: 6000.0.55f1 (c5f59906196d)
[Subsystems] Discovering subsystems at path C:/Program Files/Unity/Hub/Editor/6000.0.55f1/Editor/Data/Resources/UnitySubsystems
[Subsystems] Discovering subsystems at path C:/Users/user/RiderProjects/Meowly/Assets
GfxDevice: creating device client; kGfxThreadingModeNonThreaded
Direct3D:
    Version:  Direct3D 11.0 [level 11.1]
    Renderer: NVIDIA GeForce RTX 4060 (ID=0x2882)
    Vendor:   NVIDIA
    VRAM:     7957 MB
    Driver:   32.0.15.6094
Initialize mono
Mono path[0] = 'C:/Program Files/Unity/Hub/Editor/6000.0.55f1/Editor/Data/Managed'
Mono path[1] = 'C:/Program Files/Unity/Hub/Editor/6000.0.55f1/Editor/Data/MonoBleedingEdge/lib/mono/unityjit-win32'
Mono config path = 'C:/Program Files/Unity/Hub/Editor/6000.0.55f1/Editor/Data/MonoBleedingEdge/etc'
Using monoOptions --debugger-agent=transport=dt_socket,embedding=1,server=y,suspend=n,address=127.0.0.1:56780
Begin MonoManager ReloadAssembly
Registering precompiled unity dll's ...
Register platform support module: C:/Program Files/Unity/Hub/Editor/6000.0.55f1/Editor/Data/PlaybackEngines/WebGLSupport/UnityEditor.WebGL.Extensions.dll
Register platform support module: C:/Program Files/Unity/Hub/Editor/6000.0.55f1/Editor/Data/PlaybackEngines/WindowsStandaloneSupport/UnityEditor.WindowsStandalone.Extensions.dll
Register platform support module: C:/Program Files/Unity/Hub/Editor/6000.0.55f1/Editor/Data/PlaybackEngines/AndroidPlayer/UnityEditor.Android.Extensions.dll
Registered in 0.002355 seconds.
- Loaded All Assemblies, in  0.262 seconds
Native extension for Android target not found
Android Extension - Scanning For ADB Devices 164 ms
Native extension for WindowsStandalone target not found
Native extension for WebGL target not found
Mono: successfully reloaded assembly
- Finished resetting the current domain, in  0.407 seconds
Domain Reload Profiling: 668ms
	BeginReloadAssembly (83ms)
		ExecutionOrderSort (0ms)
		DisableScriptedObjects (0ms)
		BackupInstance (0ms)
		ReleaseScriptingObjects (0ms)
		CreateAndSetChildDomain (0ms)
	RebuildCommonClasses (25ms)
	RebuildNativeTypeToScriptingClass (11ms)
	initialDomainReloadingComplete (29ms)
	LoadAllAssembliesAndSetupDomain (112ms)
		LoadAssemblies (83ms)
		RebuildTransferFunctionScriptingTraits (0ms)
		AnalyzeDomain (110ms)
			TypeCache.Refresh (109ms)
				TypeCache.ScanAssembly (99ms)
			BuildScriptInfoCaches (0ms)
			ResolveRequiredComponents (0ms)
	FinalizeReload (407ms)
		ReleaseScriptCaches (0ms)
		RebuildScriptCaches (0ms)
		SetupLoadedEditorAssemblies (381ms)
			LogAssemblyErrors (0ms)
			InitializePlatformSupportModulesInManaged (220ms)
			SetLoadedEditorAssemblies (2ms)
			BeforeProcessingInitializeOnLoad (48ms)
			ProcessInitializeOnLoadAttributes (78ms)
			ProcessInitializeOnLoadMethodAttributes (33ms)
			AfterProcessingInitializeOnLoad (0ms)
			EditorAssembliesLoaded (0ms)
		ExecutionOrderSort2 (0ms)
		AwakeInstancesAfterBackupRestoration (0ms)
========================================================================
Worker process is ready to serve import requests
Import Worker Mode flag is 0x00
Begin MonoManager ReloadAssembly
- Loaded All Assemblies, in  0.201 seconds
Refreshing native plugins compatible for Editor in 0.16 ms, found 0 plugins.
Native extension for Android target not found
Native extension for WindowsStandalone target not found
Native extension for WebGL target not found
Mono: successfully reloaded assembly
- Finished resetting the current domain, in  0.322 seconds
Domain Reload Profiling: 523ms
	BeginReloadAssembly (118ms)
		ExecutionOrderSort (0ms)
		DisableScriptedObjects (6ms)
		BackupInstance (0ms)
		ReleaseScriptingObjects (0ms)
		CreateAndSetChildDomain (20ms)
	RebuildCommonClasses (23ms)
	RebuildNativeTypeToScriptingClass (8ms)
	initialDomainReloadingComplete (16ms)
	LoadAllAssembliesAndSetupDomain (35ms)
		LoadAssemblies (67ms)
		RebuildTransferFunctionScriptingTraits (0ms)
		AnalyzeDomain (30ms)
			TypeCache.Refresh (23ms)
				TypeCache.ScanAssembly (18ms)
			BuildScriptInfoCaches (4ms)
			ResolveRequiredComponents (1ms)
	FinalizeReload (322ms)
		ReleaseScriptCaches (0ms)
		RebuildScriptCaches (0ms)
		SetupLoadedEditorAssemblies (230ms)
			LogAssemblyErrors (0ms)
			InitializePlatformSupportModulesInManaged (9ms)
			SetLoadedEditorAssemblies (2ms)
			BeforeProcessingInitializeOnLoad (56ms)
			ProcessInitializeOnLoadAttributes (136ms)
			ProcessInitializeOnLoadMethodAttributes (23ms)
			AfterProcessingInitializeOnLoad (2ms)
			EditorAssembliesLoaded (0ms)
		ExecutionOrderSort2 (0ms)
		AwakeInstancesAfterBackupRestoration (3ms)
Launched and connected shader compiler UnityShaderCompiler.exe after 0.01 seconds
Refreshing native plugins compatible for Editor in 0.15 ms, found 0 plugins.
Preloading 0 native plugins for Editor in 0.00 ms.
Unloading 0 Unused Serialized files (Serialized files now loaded: 0)
Unloading 948 unused Assets / (271.6 KB). Loaded Objects now: 1463.
Memory consumption went from 61.2 MB to 61.0 MB.
Total: 4.341200 ms (FindLiveObjects: 0.102400 ms CreateObjectMapping: 0.031500 ms MarkObjects: 3.833900 ms  DeleteObjects: 0.349700 ms)

========================================================================
Received Import Request.
  Time since last request: 1881.001634 seconds.
  path: Assets/Resources/Sprites/Cursor-drag.png
  artifactKey: Guid(2663721b22ebf9c4ca141ecc3f007d05) Importer(2089858483,192608db42251d675da83286b1cce702)
Start importing Assets/Resources/Sprites/Cursor-drag.png using Guid(2663721b22ebf9c4ca141ecc3f007d05) Importer(2089858483,192608db42251d675da83286b1cce702) (ScriptedImporter) -> (artifact id: '362e378aeef49a28accfb1e47d179785') in 0.0931523 seconds
Number of updated asset objects reloaded before import = 0Number of asset objects unloaded after import = 1

========================================================================
Received Import Request.
  Time since last request: 0.000012 seconds.
  path: Assets/Scripts/Test.cs
  artifactKey: Guid(ab0f0711f439ab144ae9345ec7b0bedf) Importer(2089858483,192608db42251d675da83286b1cce702)
Start importing Assets/Scripts/Test.cs using Guid(ab0f0711f439ab144ae9345ec7b0bedf) Importer(2089858483,192608db42251d675da83286b1cce702) (ScriptedImporter) -> (artifact id: 'efeeff57f5451995dbb0caf58be00205') in 0.0142694 seconds
Number of updated asset objects reloaded before import = 0Number of asset objects unloaded after import = 0

========================================================================
Received Import Request.
  Time since last request: 0.000028 seconds.
  path: Assets/Scenes/Dialog.unity
  artifactKey: Guid(325b698ca88be5549950a4d302da8880) Importer(2089858483,192608db42251d675da83286b1cce702)
Start importing Assets/Scenes/Dialog.unity using Guid(325b698ca88be5549950a4d302da8880) Importer(2089858483,192608db42251d675da83286b1cce702) (ScriptedImporter) -> (artifact id: 'ef0de6b9481cbdaa9ddf52eed7acdb4a') in 0.0136941 seconds
Number of updated asset objects reloaded before import = 0Number of asset objects unloaded after import = 1

========================================================================
Received Import Request.
  Time since last request: 0.000024 seconds.
  path: Assets/TutorialInfo/Scripts/Readme.cs
  artifactKey: Guid(fcf7219bab7fe46a1ad266029b2fee19) Importer(2089858483,192608db42251d675da83286b1cce702)
Start importing Assets/TutorialInfo/Scripts/Readme.cs using Guid(fcf7219bab7fe46a1ad266029b2fee19) Importer(2089858483,192608db42251d675da83286b1cce702) (ScriptedImporter) -> (artifact id: 'f9b089cf6e80c510b07259fe256ff42e') in 0.0103747 seconds
Number of updated asset objects reloaded before import = 0Number of asset objects unloaded after import = 0

========================================================================
Received Import Request.
  Time since last request: 0.000036 seconds.
  path: Assets/Resources/Animations/-7.png
  artifactKey: Guid(267f6e4bfcd148e45b1d68a12e16cc9b) Importer(2089858483,192608db42251d675da83286b1cce702)
Start importing Assets/Resources/Animations/-7.png using Guid(267f6e4bfcd148e45b1d68a12e16cc9b) Importer(2089858483,192608db42251d675da83286b1cce702) (ScriptedImporter) -> (artifact id: 'cb8f3effeccad69c1fe9a44dbd7315c4') in 0.0249545 seconds
Number of updated asset objects reloaded before import = 0Number of asset objects unloaded after import = 3

========================================================================
Received Import Request.
  Time since last request: 0.000014 seconds.
  path: Assets/Plugins/Ink/InkLibs/InkRuntime/Error.cs
  artifactKey: Guid(5119822ad16c24c40b1f80c639c17671) Importer(2089858483,192608db42251d675da83286b1cce702)
Start importing Assets/Plugins/Ink/InkLibs/InkRuntime/Error.cs using Guid(5119822ad16c24c40b1f80c639c17671) Importer(2089858483,192608db42251d675da83286b1cce702) (ScriptedImporter) -> (artifact id: 'dad937eedb762a64a9313bb86ebd78f9') in 0.0085356 seconds
Number of updated asset objects reloaded before import = 0Number of asset objects unloaded after import = 0

========================================================================
Received Import Request.
  Time since last request: 0.000076 seconds.
  path: Assets/Plugins/Ink/InkLibs/InkRuntime/Choice.cs
  artifactKey: Guid(8db545ff917fa46d7aa5f472a9fdbad8) Importer(2089858483,192608db42251d675da83286b1cce702)
Start importing Assets/Plugins/Ink/InkLibs/InkRuntime/Choice.cs using Guid(8db545ff917fa46d7aa5f472a9fdbad8) Importer(2089858483,192608db42251d675da83286b1cce702) (ScriptedImporter) -> (artifact id: '1b0e90738cddf50c193aad04b1c27d20') in 0.0074868 seconds
Number of updated asset objects reloaded before import = 0Number of asset objects unloaded after import = 0

========================================================================
Received Import Request.
  Time since last request: 0.000049 seconds.
  path: Assets/Resources/Animations/-3.png
  artifactKey: Guid(a42941ce555173841b0bd0c8b23e7f03) Importer(2089858483,192608db42251d675da83286b1cce702)
Start importing Assets/Resources/Animations/-3.png using Guid(a42941ce555173841b0bd0c8b23e7f03) Importer(2089858483,192608db42251d675da83286b1cce702) (ScriptedImporter) -> (artifact id: '119c4099ba1334b556fef7bea3bda17e') in 0.0157637 seconds
Number of updated asset objects reloaded before import = 0Number of asset objects unloaded after import = 3

========================================================================
Received Import Request.
  Time since last request: 0.000012 seconds.
  path: Assets/Plugins/Ink/InkLibs/InkRuntime/Divert.cs
  artifactKey: Guid(e98dd0cea4d0a4ddcbc9a1f135b486d4) Importer(2089858483,192608db42251d675da83286b1cce702)
Start importing Assets/Plugins/Ink/InkLibs/InkRuntime/Divert.cs using Guid(e98dd0cea4d0a4ddcbc9a1f135b486d4) Importer(2089858483,192608db42251d675da83286b1cce702) (ScriptedImporter) -> (artifact id: '744e692acba8c9d49aba9067d2203bda') in 0.007646 seconds
Number of updated asset objects reloaded before import = 0Number of asset objects unloaded after import = 0

========================================================================
Received Import Request.
  Time since last request: 0.000040 seconds.
  path: Assets/Resources/DialogText/Test.ink
  artifactKey: Guid(90745712fceb67545982f78f02b5d41e) Importer(2089858483,192608db42251d675da83286b1cce702)
Start importing Assets/Resources/DialogText/Test.ink using Guid(90745712fceb67545982f78f02b5d41e) Importer(2089858483,192608db42251d675da83286b1cce702) (ScriptedImporter) -> (artifact id: '3c54238aff637a9c24c422e4923d2f10') in 0.0058986 seconds
Number of updated asset objects reloaded before import = 0Number of asset objects unloaded after import = 1

========================================================================
Received Import Request.
  Time since last request: 0.000012 seconds.
  path: Assets/TextMesh Pro/Fonts/LiberationSans - OFL.txt
  artifactKey: Guid(6e59c59b81ab47f9b6ec5781fa725d2c) Importer(2089858483,192608db42251d675da83286b1cce702)
Start importing Assets/TextMesh Pro/Fonts/LiberationSans - OFL.txt using Guid(6e59c59b81ab47f9b6ec5781fa725d2c) Importer(2089858483,192608db42251d675da83286b1cce702) (ScriptedImporter) -> (artifact id: 'e38e3bfe1470e45c8cd2846e135398f2') in 0.0072125 seconds
Number of updated asset objects reloaded before import = 0Number of asset objects unloaded after import = 1

========================================================================
Received Import Request.
  Time since last request: 0.000022 seconds.
  path: Assets/Settings/PC_Renderer.asset
  artifactKey: Guid(f288ae1f4751b564a96ac7587541f7a2) Importer(2089858483,192608db42251d675da83286b1cce702)
Start importing Assets/Settings/PC_Renderer.asset using Guid(f288ae1f4751b564a96ac7587541f7a2) Importer(2089858483,192608db42251d675da83286b1cce702) (ScriptedImporter) -> (artifact id: '3ea0c2cfbaf987d1ee621c4ac844b9fb') in 0.0085306 seconds
Number of updated asset objects reloaded before import = 0Number of asset objects unloaded after import = 1

========================================================================
Received Import Request.
  Time since last request: 0.000013 seconds.
  path: Assets/TextMesh Pro/Shaders/TMP_SDF.shader
  artifactKey: Guid(68e6db2ebdc24f95958faec2be5558d6) Importer(2089858483,192608db42251d675da83286b1cce702)
Start importing Assets/TextMesh Pro/Shaders/TMP_SDF.shader using Guid(68e6db2ebdc24f95958faec2be5558d6) Importer(2089858483,192608db42251d675da83286b1cce702) (ScriptedImporter) -> (artifact id: 'd0ce14a528a6a8df3fceddddc0f54685') in 0.0102489 seconds
Number of updated asset objects reloaded before import = 0Number of asset objects unloaded after import = 1

========================================================================
Received Import Request.
  Time since last request: 0.000040 seconds.
  path: Assets/Plugins/Ink/InkLibs/InkRuntime/INamedContent.cs
  artifactKey: Guid(db1f7c668efd4422d8437ac965745242) Importer(2089858483,192608db42251d675da83286b1cce702)
Start importing Assets/Plugins/Ink/InkLibs/InkRuntime/INamedContent.cs using Guid(db1f7c668efd4422d8437ac965745242) Importer(2089858483,192608db42251d675da83286b1cce702) (ScriptedImporter) -> (artifact id: '441b8a73b7ac687fcb8229093fd026c5') in 0.0064016 seconds
Number of updated asset objects reloaded before import = 0Number of asset objects unloaded after import = 0

========================================================================
Received Import Request.
  Time since last request: 0.000042 seconds.
  path: Assets/TextMesh Pro/Resources/Fonts & Materials/LiberationSans SDF - Drop Shadow.mat
  artifactKey: Guid(e73a58f6e2794ae7b1b7e50b7fb811b0) Importer(2089858483,192608db42251d675da83286b1cce702)
Start importing Assets/TextMesh Pro/Resources/Fonts & Materials/LiberationSans SDF - Drop Shadow.mat using Guid(e73a58f6e2794ae7b1b7e50b7fb811b0) Importer(2089858483,192608db42251d675da83286b1cce702) (ScriptedImporter) -> (artifact id: '7bf36ca71ef0edc2132dd2815a0f1bb3') in 0.0211856 seconds
Number of updated asset objects reloaded before import = 0Number of asset objects unloaded after import = 2

========================================================================
Received Import Request.
  Time since last request: 0.000012 seconds.
  path: Assets/Resources/Animations/Dialog.controller
  artifactKey: Guid(22c8f260bda49fe48acfc7a6c3b2520e) Importer(2089858483,192608db42251d675da83286b1cce702)
Start importing Assets/Resources/Animations/Dialog.controller using Guid(22c8f260bda49fe48acfc7a6c3b2520e) Importer(2089858483,192608db42251d675da83286b1cce702) (ScriptedImporter) -> (artifact id: '30435050a38d6fbe215f5e6dc1303572') in 0.006735 seconds
Number of updated asset objects reloaded before import = 0Number of asset objects unloaded after import = 2

========================================================================
Received Import Request.
  Time since last request: 0.000054 seconds.
  path: Assets/Readme.asset
  artifactKey: Guid(8105016687592461f977c054a80ce2f2) Importer(2089858483,192608db42251d675da83286b1cce702)
Start importing Assets/Readme.asset using Guid(8105016687592461f977c054a80ce2f2) Importer(2089858483,192608db42251d675da83286b1cce702) (ScriptedImporter) -> (artifact id: '90592469d8d00ade0c9f02b7fd197b78') in 0.0173107 seconds
Number of updated asset objects reloaded before import = 0Number of asset objects unloaded after import = 2

========================================================================
Received Import Request.
  Time since last request: 0.000015 seconds.
  path: Assets/Settings/Mobile_RPAsset.asset
  artifactKey: Guid(5e6cbd92db86f4b18aec3ed561671858) Importer(2089858483,192608db42251d675da83286b1cce702)
Start importing Assets/Settings/Mobile_RPAsset.asset using Guid(5e6cbd92db86f4b18aec3ed561671858) Importer(2089858483,192608db42251d675da83286b1cce702) (ScriptedImporter) -> (artifact id: '99edfe1c76d21ecfdab2cb7550877d09') in 0.0072794 seconds
Number of updated asset objects reloaded before import = 0Number of asset objects unloaded after import = 1

========================================================================
Received Import Request.
  Time since last request: 0.000016 seconds.
  path: Assets/Plugins/Ink/Editor/Core/InkEditorUtils.cs
  artifactKey: Guid(eeaeb991395be4e9e9ab83197c649ad8) Importer(2089858483,192608db42251d675da83286b1cce702)
Start importing Assets/Plugins/Ink/Editor/Core/InkEditorUtils.cs using Guid(eeaeb991395be4e9e9ab83197c649ad8) Importer(2089858483,192608db42251d675da83286b1cce702) (ScriptedImporter) -> (artifact id: '94eadd113293dd63b6ffec75fe23d3d1') in 0.0068059 seconds
Number of updated asset objects reloaded before import = 0Number of asset objects unloaded after import = 0

========================================================================
Received Import Request.
  Time since last request: 0.000063 seconds.
  path: Assets/Plugins/Ink/README.md
  artifactKey: Guid(e68150e01eeab4632b252ce854b20dd2) Importer(2089858483,192608db42251d675da83286b1cce702)
Start importing Assets/Plugins/Ink/README.md using Guid(e68150e01eeab4632b252ce854b20dd2) Importer(2089858483,192608db42251d675da83286b1cce702) (ScriptedImporter) -> (artifact id: 'b591fe17ea5c3253566f84d20f60baae') in 0.0062388 seconds
Number of updated asset objects reloaded before import = 0Number of asset objects unloaded after import = 1

========================================================================
Received Import Request.
  Time since last request: 0.000044 seconds.
  path: Assets/Scripts/DialogSystem/DialogVariables.cs
  artifactKey: Guid(c8e2fad56cd75b341a47ce88ceda39b4) Importer(2089858483,192608db42251d675da83286b1cce702)
Start importing Assets/Scripts/DialogSystem/DialogVariables.cs using Guid(c8e2fad56cd75b341a47ce88ceda39b4) Importer(2089858483,192608db42251d675da83286b1cce702) (ScriptedImporter) -> (artifact id: 'dd1fda1d11bf5634ff8a62bdf99c03ec') in 0.0069818 seconds
Number of updated asset objects reloaded before import = 0Number of asset objects unloaded after import = 0

========================================================================
Received Import Request.
  Time since last request: 0.000054 seconds.
  path: Assets/Resources/Sprites/Bell.png
  artifactKey: Guid(e2da3ddd3e2e9d544b229b2699477048) Importer(2089858483,192608db42251d675da83286b1cce702)
Start importing Assets/Resources/Sprites/Bell.png using Guid(e2da3ddd3e2e9d544b229b2699477048) Importer(2089858483,192608db42251d675da83286b1cce702) (ScriptedImporter) -> (artifact id: '731f1210f09067af9206991b2b24ef93') in 0.0100567 seconds
Number of updated asset objects reloaded before import = 0Number of asset objects unloaded after import = 3

========================================================================
Received Import Request.
  Time since last request: 0.000013 seconds.
  path: Assets/TextMesh Pro/Shaders/TMP_SDF-Mobile Masking.shader
  artifactKey: Guid(bc1ede39bf3643ee8e493720e4259791) Importer(2089858483,192608db42251d675da83286b1cce702)
Start importing Assets/TextMesh Pro/Shaders/TMP_SDF-Mobile Masking.shader using Guid(bc1ede39bf3643ee8e493720e4259791) Importer(2089858483,192608db42251d675da83286b1cce702) (ScriptedImporter) -> (artifact id: 'f62b3c2e28bad1ac21432d1674ee155e') in 0.0086023 seconds
Number of updated asset objects reloaded before import = 0Number of asset objects unloaded after import = 1

========================================================================
Received Import Request.
  Time since last request: 0.000033 seconds.
  path: Assets/Scripts/DialogSystem/default.asset
  artifactKey: Guid(45cad00e6d8a4e2488338316bb6c8b06) Importer(2089858483,192608db42251d675da83286b1cce702)
Start importing Assets/Scripts/DialogSystem/default.asset using Guid(45cad00e6d8a4e2488338316bb6c8b06) Importer(2089858483,192608db42251d675da83286b1cce702) (ScriptedImporter) -> (artifact id: 'a07c28d33abfb9f0fc1d2a6951782eea') in 0.0114301 seconds
Number of updated asset objects reloaded before import = 0Number of asset objects unloaded after import = 1

========================================================================
Received Import Request.
  Time since last request: 0.000059 seconds.
  path: Assets/Resources/Animations/-1.png
  artifactKey: Guid(7dea24c27dbd130448e77cb8601b4b73) Importer(2089858483,192608db42251d675da83286b1cce702)
Start importing Assets/Resources/Animations/-1.png using Guid(7dea24c27dbd130448e77cb8601b4b73) Importer(2089858483,192608db42251d675da83286b1cce702) (ScriptedImporter) -> (artifact id: 'eabdae75cb6218f172aecec9739a2ba1') in 0.0121724 seconds
Number of updated asset objects reloaded before import = 0Number of asset objects unloaded after import = 3

========================================================================
Received Import Request.
  Time since last request: 0.291531 seconds.
  path: Assets/Plugins/Ink/InkLibs/InkRuntime/JsonSerialisation.cs
  artifactKey: Guid(1365b619ff45f4d12b7bf20cc52a4173) Importer(2089858483,192608db42251d675da83286b1cce702)
Start importing Assets/Plugins/Ink/InkLibs/InkRuntime/JsonSerialisation.cs using Guid(1365b619ff45f4d12b7bf20cc52a4173) Importer(2089858483,192608db42251d675da83286b1cce702) (ScriptedImporter) -> (artifact id: 'd31fad16aeb020dc15c0a633d6a6b128') in 0.01088 seconds
Number of updated asset objects reloaded before import = 0Number of asset objects unloaded after import = 0

========================================================================
Received Import Request.
  Time since last request: 0.000036 seconds.
  path: Assets/Plugins/Ink/Editor/Core/Ink Library/InkCompilerLog.cs
  artifactKey: Guid(2af758247ca160446b0727c6e91632cc) Importer(2089858483,192608db42251d675da83286b1cce702)
Start importing Assets/Plugins/Ink/Editor/Core/Ink Library/InkCompilerLog.cs using Guid(2af758247ca160446b0727c6e91632cc) Importer(2089858483,192608db42251d675da83286b1cce702) (ScriptedImporter) -> (artifact id: '995bb3f61a3359c378aa1665d58d6495') in 0.0085679 seconds
Number of updated asset objects reloaded before import = 0Number of asset objects unloaded after import = 0

========================================================================
Received Import Request.
  Time since last request: 0.000060 seconds.
  path: Assets/Plugins/Ink/InkLibs/InkCompiler/InkParser/InkParser_Sequences.cs
  artifactKey: Guid(0e33e10232e5c4587a8c460cf9d99960) Importer(2089858483,192608db42251d675da83286b1cce702)
Start importing Assets/Plugins/Ink/InkLibs/InkCompiler/InkParser/InkParser_Sequences.cs using Guid(0e33e10232e5c4587a8c460cf9d99960) Importer(2089858483,192608db42251d675da83286b1cce702) (ScriptedImporter) -> (artifact id: '12bdf81ae3668ba05d1a3f871fc8f6af') in 0.0088937 seconds
Number of updated asset objects reloaded before import = 0Number of asset objects unloaded after import = 0

========================================================================
Received Import Request.
  Time since last request: 0.000026 seconds.
  path: Assets/Plugins/Ink/InkLibs/InkCompiler/ParsedHierarchy/FlowBase.cs
  artifactKey: Guid(573f03d14273b46a29e16c5ff9ec8059) Importer(2089858483,192608db42251d675da83286b1cce702)
Start importing Assets/Plugins/Ink/InkLibs/InkCompiler/ParsedHierarchy/FlowBase.cs using Guid(573f03d14273b46a29e16c5ff9ec8059) Importer(2089858483,192608db42251d675da83286b1cce702) (ScriptedImporter) -> (artifact id: 'e06dd074458568af79948c942228c788') in 0.0108999 seconds
Number of updated asset objects reloaded before import = 0Number of asset objects unloaded after import = 0

========================================================================
Received Import Request.
  Time since last request: 0.000081 seconds.
  path: Assets/Plugins/Ink/Editor/Tools/Player Window/InkPlayerWindow.cs
  artifactKey: Guid(bf969d7f2c98e470c9797844e20b20ee) Importer(2089858483,192608db42251d675da83286b1cce702)
Start importing Assets/Plugins/Ink/Editor/Tools/Player Window/InkPlayerWindow.cs using Guid(bf969d7f2c98e470c9797844e20b20ee) Importer(2089858483,192608db42251d675da83286b1cce702) (ScriptedImporter) -> (artifact id: '25b06197598d0dfd3f916c4ce1eb7335') in 0.0093835 seconds
Number of updated asset objects reloaded before import = 0Number of asset objects unloaded after import = 0

========================================================================
Received Import Request.
  Time since last request: 0.000052 seconds.
  path: Assets/Plugins/Ink/Editor/Tools/Ink Inspector/InkInspector.cs
  artifactKey: Guid(6905e53703af64a70aa6eb42f98b047c) Importer(2089858483,192608db42251d675da83286b1cce702)
Start importing Assets/Plugins/Ink/Editor/Tools/Ink Inspector/InkInspector.cs using Guid(6905e53703af64a70aa6eb42f98b047c) Importer(2089858483,192608db42251d675da83286b1cce702) (ScriptedImporter) -> (artifact id: 'b7e144641f189223ce2f315519e0153d') in 0.0084508 seconds
Number of updated asset objects reloaded before import = 0Number of asset objects unloaded after import = 0

========================================================================
Received Import Request.
  Time since last request: 0.000056 seconds.
  path: Assets/Plugins/Ink/InkLibs/InkRuntime/VariableAssignment.cs
  artifactKey: Guid(fb2c978a16e604e18b1c0ca3ea64db84) Importer(2089858483,192608db42251d675da83286b1cce702)
Start importing Assets/Plugins/Ink/InkLibs/InkRuntime/VariableAssignment.cs using Guid(fb2c978a16e604e18b1c0ca3ea64db84) Importer(2089858483,192608db42251d675da83286b1cce702) (ScriptedImporter) -> (artifact id: '8b090f16c9aa2859bcbb58da19b2ae4d') in 0.0080971 seconds
Number of updated asset objects reloaded before import = 0Number of asset objects unloaded after import = 0

========================================================================
Received Import Request.
  Time since last request: 0.000128 seconds.
  path: Assets/Plugins/Ink/InkLibs/InkRuntime/Value.cs
  artifactKey: Guid(57357686b389f45c9ad0659798094c5d) Importer(2089858483,192608db42251d675da83286b1cce702)
Start importing Assets/Plugins/Ink/InkLibs/InkRuntime/Value.cs using Guid(57357686b389f45c9ad0659798094c5d) Importer(2089858483,192608db42251d675da83286b1cce702) (ScriptedImporter) -> (artifact id: '2ba02dfe32b4c9fd24aa58d212acb878') in 0.0095038 seconds
Number of updated asset objects reloaded before import = 0Number of asset objects unloaded after import = 0

========================================================================
Received Import Request.
  Time since last request: 0.000053 seconds.
  path: Assets/Plugins/Ink/InkLibs/InkCompiler/InkParser/InkParser_CommandLineInput.cs
  artifactKey: Guid(5ca27cda0c9364bfbaf37f8db278563f) Importer(2089858483,192608db42251d675da83286b1cce702)
Start importing Assets/Plugins/Ink/InkLibs/InkCompiler/InkParser/InkParser_CommandLineInput.cs using Guid(5ca27cda0c9364bfbaf37f8db278563f) Importer(2089858483,192608db42251d675da83286b1cce702) (ScriptedImporter) -> (artifact id: '2348e792b53ecb6277cc053802f1ac50') in 0.0082699 seconds
Number of updated asset objects reloaded before import = 0Number of asset objects unloaded after import = 0

========================================================================
Received Import Request.
  Time since last request: 0.000082 seconds.
  path: Assets/Plugins/Ink/InkLibs/InkCompiler/ParsedHierarchy/AuthorWarning.cs
  artifactKey: Guid(36d3c5151e15a45b4b7a2ac7b355bff9) Importer(2089858483,192608db42251d675da83286b1cce702)
Start importing Assets/Plugins/Ink/InkLibs/InkCompiler/ParsedHierarchy/AuthorWarning.cs using Guid(36d3c5151e15a45b4b7a2ac7b355bff9) Importer(2089858483,192608db42251d675da83286b1cce702) (ScriptedImporter) -> (artifact id: '5a342d76e560c045121f8d7b24463e67') in 0.0083001 seconds
Number of updated asset objects reloaded before import = 0Number of asset objects unloaded after import = 0

========================================================================
Received Import Request.
  Time since last request: 0.000069 seconds.
  path: Assets/Plugins/Ink/InkLibs/InkRuntime/Pointer.cs
  artifactKey: Guid(802f84ed94f0e4f518e4be47877e9a33) Importer(2089858483,192608db42251d675da83286b1cce702)
Start importing Assets/Plugins/Ink/InkLibs/InkRuntime/Pointer.cs using Guid(802f84ed94f0e4f518e4be47877e9a33) Importer(2089858483,192608db42251d675da83286b1cce702) (ScriptedImporter) -> (artifact id: '3ea3ce3207bfbbd29b6cf23ecf909281') in 0.0113234 seconds
Number of updated asset objects reloaded before import = 0Number of asset objects unloaded after import = 0

========================================================================
Received Import Request.
  Time since last request: 0.000029 seconds.
  path: Assets/Plugins/Ink/Demos/Basic Demo/Ink/story.ink
  artifactKey: Guid(1460e815e969b43b8a83a7caa8b48c27) Importer(2089858483,192608db42251d675da83286b1cce702)
Start importing Assets/Plugins/Ink/Demos/Basic Demo/Ink/story.ink using Guid(1460e815e969b43b8a83a7caa8b48c27) Importer(2089858483,192608db42251d675da83286b1cce702) (ScriptedImporter) -> (artifact id: '7b7995284b5a2e02d78d3a6ed6618874') in 0.0083253 seconds
Number of updated asset objects reloaded before import = 0Number of asset objects unloaded after import = 1

========================================================================
Received Import Request.
  Time since last request: 0.000073 seconds.
  path: Assets/Plugins/Ink/InkLibs/InkRuntime/SearchResult.cs
  artifactKey: Guid(40f07931ec6ee409e97714e5567fd5c6) Importer(2089858483,192608db42251d675da83286b1cce702)
Start importing Assets/Plugins/Ink/InkLibs/InkRuntime/SearchResult.cs using Guid(40f07931ec6ee409e97714e5567fd5c6) Importer(2089858483,192608db42251d675da83286b1cce702) (ScriptedImporter) -> (artifact id: 'ece9ca6a94847e3f932de072e33e5781') in 0.008937 seconds
Number of updated asset objects reloaded before import = 0Number of asset objects unloaded after import = 0

========================================================================
Received Import Request.
  Time since last request: 0.000032 seconds.
  path: Assets/Plugins/Ink/Editor/Core/Ink Settings/InkSettings.cs
  artifactKey: Guid(983af1b6602bf416b9928d40b37a38bd) Importer(2089858483,192608db42251d675da83286b1cce702)
Start importing Assets/Plugins/Ink/Editor/Core/Ink Settings/InkSettings.cs using Guid(983af1b6602bf416b9928d40b37a38bd) Importer(2089858483,192608db42251d675da83286b1cce702) (ScriptedImporter) -> (artifact id: '12385bc7dea5ba69ddd215893a9d7a2f') in 0.0098213 seconds
Number of updated asset objects reloaded before import = 0Number of asset objects unloaded after import = 0

========================================================================
Received Import Request.
  Time since last request: 0.000077 seconds.
  path: Assets/Plugins/Ink/InkLibs/InkCompiler/InkParser/InkParser_Knot.cs
  artifactKey: Guid(77e8119b05a284a889e4b2978c6b1617) Importer(2089858483,192608db42251d675da83286b1cce702)
Start importing Assets/Plugins/Ink/InkLibs/InkCompiler/InkParser/InkParser_Knot.cs using Guid(77e8119b05a284a889e4b2978c6b1617) Importer(2089858483,192608db42251d675da83286b1cce702) (ScriptedImporter) -> (artifact id: '975c4fb534c787a08a1b0709854d8943') in 0.0090256 seconds
Number of updated asset objects reloaded before import = 0Number of asset objects unloaded after import = 0

========================================================================
Received Import Request.
  Time since last request: 0.000058 seconds.
  path: Assets/Plugins/Ink/InkLibs/InkRuntime/Profiler.cs
  artifactKey: Guid(8323a1136a1484abebab14150a06453a) Importer(2089858483,192608db42251d675da83286b1cce702)
Start importing Assets/Plugins/Ink/InkLibs/InkRuntime/Profiler.cs using Guid(8323a1136a1484abebab14150a06453a) Importer(2089858483,192608db42251d675da83286b1cce702) (ScriptedImporter) -> (artifact id: '558fe2fcc6b4c04013100ee0fcc7ac0e') in 0.0096919 seconds
Number of updated asset objects reloaded before import = 0Number of asset objects unloaded after import = 0

========================================================================
Received Import Request.
  Time since last request: 0.000033 seconds.
  path: Assets/Plugins/Ink/InkLibs/InkCompiler/ParsedHierarchy/INamedContent.cs
  artifactKey: Guid(262d1f7783ec640e4b3aeef875166a20) Importer(2089858483,192608db42251d675da83286b1cce702)
Start importing Assets/Plugins/Ink/InkLibs/InkCompiler/ParsedHierarchy/INamedContent.cs using Guid(262d1f7783ec640e4b3aeef875166a20) Importer(2089858483,192608db42251d675da83286b1cce702) (ScriptedImporter) -> (artifact id: '3ceae6b002d959a7aa1e0e4ebb7e0ed6') in 0.009577 seconds
Number of updated asset objects reloaded before import = 0Number of asset objects unloaded after import = 0

========================================================================
Received Import Request.
  Time since last request: 0.339487 seconds.
  path: Assets/Plugins/Ink/Demos/Basic Demo/Scripts/Editor/BasicInkExampleEditor.cs
  artifactKey: Guid(1c04f2595983345ab86d4ef0eea06dea) Importer(2089858483,192608db42251d675da83286b1cce702)
Start importing Assets/Plugins/Ink/Demos/Basic Demo/Scripts/Editor/BasicInkExampleEditor.cs using Guid(1c04f2595983345ab86d4ef0eea06dea) Importer(2089858483,192608db42251d675da83286b1cce702) (ScriptedImporter) -> (artifact id: 'e880c2d0c4736faaece9c6ab17a92e69') in 0.0149286 seconds
Number of updated asset objects reloaded before import = 0Number of asset objects unloaded after import = 0

========================================================================
Received Import Request.
  Time since last request: 0.000144 seconds.
  path: Assets/Plugins/Ink/Editor/Tools/File Icons/Resources/InkUnknownFileIcon.psd
  artifactKey: Guid(b26518ba7d72a4fd3bc42599f621c839) Importer(2089858483,192608db42251d675da83286b1cce702)
Start importing Assets/Plugins/Ink/Editor/Tools/File Icons/Resources/InkUnknownFileIcon.psd using Guid(b26518ba7d72a4fd3bc42599f621c839) Importer(2089858483,192608db42251d675da83286b1cce702) (ScriptedImporter) -> (artifact id: 'dab0582268a79ac8cbf4e65727a7130d') in 0.0153433 seconds
Number of updated asset objects reloaded before import = 0Number of asset objects unloaded after import = 1

========================================================================
Received Import Request.
  Time since last request: 0.000050 seconds.
  path: Assets/Plugins/Ink/Editor/Tools/File Icons/Resources/InkTodoIcon.psd
  artifactKey: Guid(73b0b2e787c654227845ff231c5eab5d) Importer(2089858483,192608db42251d675da83286b1cce702)
Start importing Assets/Plugins/Ink/Editor/Tools/File Icons/Resources/InkTodoIcon.psd using Guid(73b0b2e787c654227845ff231c5eab5d) Importer(2089858483,192608db42251d675da83286b1cce702) (ScriptedImporter) -> (artifact id: '14607316d8746a3cf0b6f60759e0d65d') in 0.01051 seconds
Number of updated asset objects reloaded before import = 0Number of asset objects unloaded after import = 1

========================================================================
Received Prepare
Begin MonoManager ReloadAssembly
- Loaded All Assemblies, in  0.202 seconds
Refreshing native plugins compatible for Editor in 0.28 ms, found 0 plugins.
Native extension for Android target not found
Native extension for WindowsStandalone target not found
Native extension for WebGL target not found
Mono: successfully reloaded assembly
- Finished resetting the current domain, in  0.321 seconds
Domain Reload Profiling: 524ms
	BeginReloadAssembly (126ms)
		ExecutionOrderSort (0ms)
		DisableScriptedObjects (4ms)
		BackupInstance (0ms)
		ReleaseScriptingObjects (0ms)
		CreateAndSetChildDomain (20ms)
	RebuildCommonClasses (23ms)
	RebuildNativeTypeToScriptingClass (7ms)
	initialDomainReloadingComplete (16ms)
	LoadAllAssembliesAndSetupDomain (30ms)
		LoadAssemblies (75ms)
		RebuildTransferFunctionScriptingTraits (0ms)
		AnalyzeDomain (23ms)
			TypeCache.Refresh (5ms)
				TypeCache.ScanAssembly (0ms)
			BuildScriptInfoCaches (15ms)
			ResolveRequiredComponents (2ms)
	FinalizeReload (322ms)
		ReleaseScriptCaches (0ms)
		RebuildScriptCaches (0ms)
		SetupLoadedEditorAssemblies (213ms)
			LogAssemblyErrors (0ms)
			InitializePlatformSupportModulesInManaged (12ms)
			SetLoadedEditorAssemblies (3ms)
			BeforeProcessingInitializeOnLoad (54ms)
			ProcessInitializeOnLoadAttributes (126ms)
			ProcessInitializeOnLoadMethodAttributes (16ms)
			AfterProcessingInitializeOnLoad (2ms)
			EditorAssembliesLoaded (0ms)
		ExecutionOrderSort2 (0ms)
		AwakeInstancesAfterBackupRestoration (5ms)
Refreshing native plugins compatible for Editor in 0.16 ms, found 0 plugins.
Preloading 0 native plugins for Editor in 0.00 ms.
Unloading 0 Unused Serialized files (Serialized files now loaded: 0)
Unloading 946 unused Assets / (186.4 KB). Loaded Objects now: 1465.
Memory consumption went from 61.7 MB to 61.5 MB.
Total: 2.520600 ms (FindLiveObjects: 0.072900 ms CreateObjectMapping: 0.019100 ms MarkObjects: 2.272200 ms  DeleteObjects: 0.155700 ms)

Prepare: number of updated asset objects reloaded= 0
Editor requested this worker to shutdown with reason: Scaling down because of idle timeout
AssetImportWorker is now disconnected from the server
Process exiting
Exiting without the bug reporter. Application will terminate with return code 0