Using pre-set license
Built from '6000.0/staging' branch; Version is '6000.0.55f1 (c5f59906196d) revision 12973465'; Using compiler version '193933523'; Build Type 'Release'
OS: 'Windows 11  (10.0.26100) 64bit Professional' Language: 'zh' Physical Memory: 32454 MB
BatchMode: 1, IsHumanControllingUs: 0, StartBugReporterOnCrash: 0, Is64bit: 1
Date: 2025-09-14T03:25:44Z

COMMAND LINE ARGUMENTS:
C:\Program Files\Unity\Hub\Editor\6000.0.55f1\Editor\Unity.exe
-adb2
-batchMode
-noUpm
-name
AssetImportWorker5
-projectPath
C:/Users/user/RiderProjects/Meowly
-logFile
Logs/AssetImportWorker5.log
-srvPort
12478
-job-worker-count
11
-background-job-worker-count
8
-gc-helper-count
1
Successfully changed project path to: C:/Users/user/RiderProjects/Meowly
C:/Users/user/RiderProjects/Meowly
[UnityMemory] Configuration Parameters - Can be set up in boot.config
    "memorysetup-bucket-allocator-granularity=16"
    "memorysetup-bucket-allocator-bucket-count=8"
    "memorysetup-bucket-allocator-block-size=33554432"
    "memorysetup-bucket-allocator-block-count=8"
    "memorysetup-main-allocator-block-size=16777216"
    "memorysetup-thread-allocator-block-size=16777216"
    "memorysetup-gfx-main-allocator-block-size=16777216"
    "memorysetup-gfx-thread-allocator-block-size=16777216"
    "memorysetup-cache-allocator-block-size=4194304"
    "memorysetup-typetree-allocator-block-size=2097152"
    "memorysetup-profiler-bucket-allocator-granularity=16"
    "memorysetup-profiler-bucket-allocator-bucket-count=8"
    "memorysetup-profiler-bucket-allocator-block-size=33554432"
    "memorysetup-profiler-bucket-allocator-block-count=8"
    "memorysetup-profiler-allocator-block-size=16777216"
    "memorysetup-profiler-editor-allocator-block-size=1048576"
    "memorysetup-temp-allocator-size-main=16777216"
    "memorysetup-job-temp-allocator-block-size=2097152"
    "memorysetup-job-temp-allocator-block-size-background=1048576"
    "memorysetup-job-temp-allocator-reduction-small-platforms=262144"
    "memorysetup-allocator-temp-initial-block-size-main=262144"
    "memorysetup-allocator-temp-initial-block-size-worker=262144"
    "memorysetup-temp-allocator-size-background-worker=32768"
    "memorysetup-temp-allocator-size-job-worker=262144"
    "memorysetup-temp-allocator-size-preload-manager=33554432"
    "memorysetup-temp-allocator-size-nav-mesh-worker=65536"
    "memorysetup-temp-allocator-size-audio-worker=65536"
    "memorysetup-temp-allocator-size-cloud-worker=32768"
    "memorysetup-temp-allocator-size-gi-baking-worker=262144"
    "memorysetup-temp-allocator-size-gi-baking-worker=262144"
    "memorysetup-temp-allocator-size-gi-baking-worker=262144"
    "memorysetup-temp-allocator-size-gi-baking-worker=262144"
    "memorysetup-temp-allocator-size-gi-baking-worker=262144"
    "memorysetup-temp-allocator-size-gfx=262144"
Player connection [14032]  Target information:

Player connection [14032]  * "[IP] 210.62.225.154 [Port] 0 [Flags] 2 [Guid] 3243301543 [EditorId] 3243301543 [Version] 1048832 [Id] WindowsEditor(7,SYB114-04) [Debug] 1 [PackageName] WindowsEditor [ProjectName] Editor" 

Player connection [14032] Host joined multi-casting on [225.0.0.222:54997]...
Player connection [14032] Host joined alternative multi-casting on [225.0.0.222:34997]...
JobSystem: Creating JobQueue using job-worker-count value 11
Input System module state changed to: Initialized.
[Physics::Module] Initialized fallback backend.
[Physics::Module] Id: 0xdecafbad
Library Redirect Path: Library/
[Physics::Module] Selected backend.
[Physics::Module] Name: PhysX
[Physics::Module] Id: 0xf2b8ea05
[Physics::Module] SDK Version: 4.1.2
[Physics::Module] Integration Version: 1.0.0
[Physics::Module] Threading Mode: Multi-Threaded
Refreshing native plugins compatible for Editor in 0.14 ms, found 0 plugins.
Preloading 0 native plugins for Editor in 0.00 ms.
Initialize engine version: 6000.0.55f1 (c5f59906196d)
[Subsystems] Discovering subsystems at path C:/Program Files/Unity/Hub/Editor/6000.0.55f1/Editor/Data/Resources/UnitySubsystems
[Subsystems] Discovering subsystems at path C:/Users/user/RiderProjects/Meowly/Assets
GfxDevice: creating device client; kGfxThreadingModeNonThreaded
Direct3D:
    Version:  Direct3D 11.0 [level 11.1]
    Renderer: NVIDIA GeForce RTX 4060 (ID=0x2882)
    Vendor:   NVIDIA
    VRAM:     7957 MB
    Driver:   32.0.15.6094
Initialize mono
Mono path[0] = 'C:/Program Files/Unity/Hub/Editor/6000.0.55f1/Editor/Data/Managed'
Mono path[1] = 'C:/Program Files/Unity/Hub/Editor/6000.0.55f1/Editor/Data/MonoBleedingEdge/lib/mono/unityjit-win32'
Mono config path = 'C:/Program Files/Unity/Hub/Editor/6000.0.55f1/Editor/Data/MonoBleedingEdge/etc'
Using monoOptions --debugger-agent=transport=dt_socket,embedding=1,server=y,suspend=n,address=127.0.0.1:56260
Begin MonoManager ReloadAssembly
Registering precompiled unity dll's ...
Register platform support module: C:/Program Files/Unity/Hub/Editor/6000.0.55f1/Editor/Data/PlaybackEngines/WebGLSupport/UnityEditor.WebGL.Extensions.dll
Register platform support module: C:/Program Files/Unity/Hub/Editor/6000.0.55f1/Editor/Data/PlaybackEngines/WindowsStandaloneSupport/UnityEditor.WindowsStandalone.Extensions.dll
Register platform support module: C:/Program Files/Unity/Hub/Editor/6000.0.55f1/Editor/Data/PlaybackEngines/AndroidPlayer/UnityEditor.Android.Extensions.dll
Registered in 0.002951 seconds.
- Loaded All Assemblies, in  0.263 seconds
Native extension for Android target not found
Android Extension - Scanning For ADB Devices 162 ms
Native extension for WindowsStandalone target not found
Native extension for WebGL target not found
Mono: successfully reloaded assembly
- Finished resetting the current domain, in  0.419 seconds
Domain Reload Profiling: 681ms
	BeginReloadAssembly (83ms)
		ExecutionOrderSort (0ms)
		DisableScriptedObjects (0ms)
		BackupInstance (0ms)
		ReleaseScriptingObjects (0ms)
		CreateAndSetChildDomain (1ms)
	RebuildCommonClasses (26ms)
	RebuildNativeTypeToScriptingClass (7ms)
	initialDomainReloadingComplete (31ms)
	LoadAllAssembliesAndSetupDomain (115ms)
		LoadAssemblies (81ms)
		RebuildTransferFunctionScriptingTraits (0ms)
		AnalyzeDomain (112ms)
			TypeCache.Refresh (111ms)
				TypeCache.ScanAssembly (102ms)
			BuildScriptInfoCaches (0ms)
			ResolveRequiredComponents (0ms)
	FinalizeReload (420ms)
		ReleaseScriptCaches (0ms)
		RebuildScriptCaches (0ms)
		SetupLoadedEditorAssemblies (398ms)
			LogAssemblyErrors (0ms)
			InitializePlatformSupportModulesInManaged (229ms)
			SetLoadedEditorAssemblies (3ms)
			BeforeProcessingInitializeOnLoad (45ms)
			ProcessInitializeOnLoadAttributes (78ms)
			ProcessInitializeOnLoadMethodAttributes (43ms)
			AfterProcessingInitializeOnLoad (0ms)
			EditorAssembliesLoaded (0ms)
		ExecutionOrderSort2 (0ms)
		AwakeInstancesAfterBackupRestoration (0ms)
========================================================================
Worker process is ready to serve import requests
Import Worker Mode flag is 0x00
Begin MonoManager ReloadAssembly
- Loaded All Assemblies, in  0.203 seconds
Refreshing native plugins compatible for Editor in 0.22 ms, found 0 plugins.
Native extension for Android target not found
Native extension for WindowsStandalone target not found
Native extension for WebGL target not found
Mono: successfully reloaded assembly
- Finished resetting the current domain, in  0.288 seconds
Domain Reload Profiling: 490ms
	BeginReloadAssembly (127ms)
		ExecutionOrderSort (0ms)
		DisableScriptedObjects (4ms)
		BackupInstance (0ms)
		ReleaseScriptingObjects (0ms)
		CreateAndSetChildDomain (25ms)
	RebuildCommonClasses (23ms)
	RebuildNativeTypeToScriptingClass (7ms)
	initialDomainReloadingComplete (12ms)
	LoadAllAssembliesAndSetupDomain (32ms)
		LoadAssemblies (64ms)
		RebuildTransferFunctionScriptingTraits (0ms)
		AnalyzeDomain (27ms)
			TypeCache.Refresh (20ms)
				TypeCache.ScanAssembly (15ms)
			BuildScriptInfoCaches (4ms)
			ResolveRequiredComponents (1ms)
	FinalizeReload (289ms)
		ReleaseScriptCaches (0ms)
		RebuildScriptCaches (0ms)
		SetupLoadedEditorAssemblies (202ms)
			LogAssemblyErrors (0ms)
			InitializePlatformSupportModulesInManaged (15ms)
			SetLoadedEditorAssemblies (3ms)
			BeforeProcessingInitializeOnLoad (51ms)
			ProcessInitializeOnLoadAttributes (118ms)
			ProcessInitializeOnLoadMethodAttributes (13ms)
			AfterProcessingInitializeOnLoad (2ms)
			EditorAssembliesLoaded (0ms)
		ExecutionOrderSort2 (0ms)
		AwakeInstancesAfterBackupRestoration (4ms)
Launched and connected shader compiler UnityShaderCompiler.exe after 0.01 seconds
Refreshing native plugins compatible for Editor in 0.19 ms, found 0 plugins.
Preloading 0 native plugins for Editor in 0.00 ms.
Unloading 0 Unused Serialized files (Serialized files now loaded: 0)
Unloading 948 unused Assets / (235.1 KB). Loaded Objects now: 1463.
Memory consumption went from 61.2 MB to 61.0 MB.
Total: 4.213400 ms (FindLiveObjects: 0.095500 ms CreateObjectMapping: 0.032500 ms MarkObjects: 3.761100 ms  DeleteObjects: 0.322800 ms)

========================================================================
Received Import Request.
  Time since last request: 1880.999977 seconds.
  path: Assets/TextMesh Pro/Shaders/TMP_Bitmap.shader
  artifactKey: Guid(128e987d567d4e2c824d754223b3f3b0) Importer(2089858483,192608db42251d675da83286b1cce702)
Start importing Assets/TextMesh Pro/Shaders/TMP_Bitmap.shader using Guid(128e987d567d4e2c824d754223b3f3b0) Importer(2089858483,192608db42251d675da83286b1cce702) (ScriptedImporter) -> (artifact id: 'b387af8c293869f8856a7f4b18e4d0d4') in 0.0774045 seconds
Number of updated asset objects reloaded before import = 0Number of asset objects unloaded after import = 1

========================================================================
Received Import Request.
  Time since last request: 0.000018 seconds.
  path: Assets/TextMesh Pro/Shaders/TMP_SDF-Mobile SSD.shader
  artifactKey: Guid(c8d12adcee749c344b8117cf7c7eb912) Importer(2089858483,192608db42251d675da83286b1cce702)
Start importing Assets/TextMesh Pro/Shaders/TMP_SDF-Mobile SSD.shader using Guid(c8d12adcee749c344b8117cf7c7eb912) Importer(2089858483,192608db42251d675da83286b1cce702) (ScriptedImporter) -> (artifact id: '34ee83f5f25ef09ae86f993f8b851417') in 0.011046 seconds
Number of updated asset objects reloaded before import = 0Number of asset objects unloaded after import = 1

========================================================================
Received Import Request.
  Time since last request: 0.000015 seconds.
  path: Assets/Resources/Animations/-4.png
  artifactKey: Guid(0dc615402db00db4daca2a9c7c761ec3) Importer(2089858483,192608db42251d675da83286b1cce702)
Start importing Assets/Resources/Animations/-4.png using Guid(0dc615402db00db4daca2a9c7c761ec3) Importer(2089858483,192608db42251d675da83286b1cce702) (ScriptedImporter) -> (artifact id: 'cee159d48ce4f1765d559001db795f2a') in 0.0506163 seconds
Number of updated asset objects reloaded before import = 0Number of asset objects unloaded after import = 3

========================================================================
Received Import Request.
  Time since last request: 0.000019 seconds.
  path: Assets/Plugins/Ink/Editor/InkEditor.asmdef
  artifactKey: Guid(2047ab7874eb449d78c2b459017aa506) Importer(2089858483,192608db42251d675da83286b1cce702)
Start importing Assets/Plugins/Ink/Editor/InkEditor.asmdef using Guid(2047ab7874eb449d78c2b459017aa506) Importer(2089858483,192608db42251d675da83286b1cce702) (ScriptedImporter) -> (artifact id: '72a18504afbebafaa60e4fc3aa2ddd96') in 0.0097699 seconds
Number of updated asset objects reloaded before import = 0Number of asset objects unloaded after import = 1

========================================================================
Received Import Request.
  Time since last request: 0.000036 seconds.
  path: Assets/Plugins/Ink/InkLibs/InkCompiler/CommandLineInput.cs
  artifactKey: Guid(c05786c433ce449658bbeffe36e74ffd) Importer(2089858483,192608db42251d675da83286b1cce702)
Start importing Assets/Plugins/Ink/InkLibs/InkCompiler/CommandLineInput.cs using Guid(c05786c433ce449658bbeffe36e74ffd) Importer(2089858483,192608db42251d675da83286b1cce702) (ScriptedImporter) -> (artifact id: '172ff1ca4a87c6011524b7350aa6d1e9') in 0.0093581 seconds
Number of updated asset objects reloaded before import = 0Number of asset objects unloaded after import = 0

========================================================================
Received Import Request.
  Time since last request: 0.000039 seconds.
  path: Assets/Plugins/Ink/InkLibs/InkRuntime/Glue.cs
  artifactKey: Guid(60dc9de8c1e834c6eade8d924a7afe45) Importer(2089858483,192608db42251d675da83286b1cce702)
Start importing Assets/Plugins/Ink/InkLibs/InkRuntime/Glue.cs using Guid(60dc9de8c1e834c6eade8d924a7afe45) Importer(2089858483,192608db42251d675da83286b1cce702) (ScriptedImporter) -> (artifact id: '4726ae048655f4b8ad2440ff5d70c56a') in 0.0078651 seconds
Number of updated asset objects reloaded before import = 0Number of asset objects unloaded after import = 0

========================================================================
Received Import Request.
  Time since last request: 0.000066 seconds.
  path: Assets/TextMesh Pro/Resources/Fonts & Materials/LiberationSans SDF.asset
  artifactKey: Guid(8f586378b4e144a9851e7b34d9b748ee) Importer(2089858483,192608db42251d675da83286b1cce702)
Start importing Assets/TextMesh Pro/Resources/Fonts & Materials/LiberationSans SDF.asset using Guid(8f586378b4e144a9851e7b34d9b748ee) Importer(2089858483,192608db42251d675da83286b1cce702) (ScriptedImporter) -> (artifact id: '5ccf5d01647a069ec5387ca968b99e40') in 0.0475968 seconds
Number of updated asset objects reloaded before import = 0Number of asset objects unloaded after import = 8

========================================================================
Received Import Request.
  Time since last request: 0.000019 seconds.
  path: Assets/Settings/DefaultVolumeProfile.asset
  artifactKey: Guid(ab09877e2e707104187f6f83e2f62510) Importer(2089858483,192608db42251d675da83286b1cce702)
Start importing Assets/Settings/DefaultVolumeProfile.asset using Guid(ab09877e2e707104187f6f83e2f62510) Importer(2089858483,192608db42251d675da83286b1cce702) (ScriptedImporter) -> (artifact id: '579598545315dcdd3ef0f12f63006fee') in 0.0084228 seconds
Number of updated asset objects reloaded before import = 0Number of asset objects unloaded after import = 1

========================================================================
Received Import Request.
  Time since last request: 0.000053 seconds.
  path: Assets/TextMesh Pro/Shaders/TMPro_Properties.cginc
  artifactKey: Guid(3997e2241185407d80309a82f9148466) Importer(2089858483,192608db42251d675da83286b1cce702)
Start importing Assets/TextMesh Pro/Shaders/TMPro_Properties.cginc using Guid(3997e2241185407d80309a82f9148466) Importer(2089858483,192608db42251d675da83286b1cce702) (ScriptedImporter) -> (artifact id: '2ad0993d591723f77dfe13989c16e9f2') in 0.0095765 seconds
Number of updated asset objects reloaded before import = 0Number of asset objects unloaded after import = 1

========================================================================
Received Import Request.
  Time since last request: 0.000021 seconds.
  path: Assets/TextMesh Pro/Resources/LineBreaking Leading Characters.txt
  artifactKey: Guid(d82c1b31c7e74239bff1220585707d2b) Importer(2089858483,192608db42251d675da83286b1cce702)
Start importing Assets/TextMesh Pro/Resources/LineBreaking Leading Characters.txt using Guid(d82c1b31c7e74239bff1220585707d2b) Importer(2089858483,192608db42251d675da83286b1cce702) (ScriptedImporter) -> (artifact id: '3507c8cbc624b2ed2cc3df49f833e004') in 0.0065644 seconds
Number of updated asset objects reloaded before import = 0Number of asset objects unloaded after import = 1

========================================================================
Received Import Request.
  Time since last request: 0.000010 seconds.
  path: Assets/TextMesh Pro/Shaders/TMPro.cginc
  artifactKey: Guid(407bc68d299748449bbf7f48ee690f8d) Importer(2089858483,192608db42251d675da83286b1cce702)
Start importing Assets/TextMesh Pro/Shaders/TMPro.cginc using Guid(407bc68d299748449bbf7f48ee690f8d) Importer(2089858483,192608db42251d675da83286b1cce702) (ScriptedImporter) -> (artifact id: '152b5798f0b4fa0d9c4af417b224bff6') in 0.0084096 seconds
Number of updated asset objects reloaded before import = 0Number of asset objects unloaded after import = 1

========================================================================
Received Import Request.
  Time since last request: 0.000012 seconds.
  path: Assets/Resources/Sprites/Package.png
  artifactKey: Guid(1485d07ee736941488a02b7e5fa4febf) Importer(2089858483,192608db42251d675da83286b1cce702)
Start importing Assets/Resources/Sprites/Package.png using Guid(1485d07ee736941488a02b7e5fa4febf) Importer(2089858483,192608db42251d675da83286b1cce702) (ScriptedImporter) -> (artifact id: '4eb109e0384037a5fc750585a28345d4') in 0.0131185 seconds
Number of updated asset objects reloaded before import = 0Number of asset objects unloaded after import = 3

========================================================================
Received Import Request.
  Time since last request: 0.000011 seconds.
  path: Assets/TextMesh Pro/Sprites/EmojiOne.png
  artifactKey: Guid(dffef66376be4fa480fb02b19edbe903) Importer(2089858483,192608db42251d675da83286b1cce702)
Start importing Assets/TextMesh Pro/Sprites/EmojiOne.png using Guid(dffef66376be4fa480fb02b19edbe903) Importer(2089858483,192608db42251d675da83286b1cce702) (ScriptedImporter) -> (artifact id: '9ad184330f789b82564767f05e3a931e') in 0.0148985 seconds
Number of updated asset objects reloaded before import = 0Number of asset objects unloaded after import = 1

========================================================================
Received Import Request.
  Time since last request: 0.000010 seconds.
  path: Assets/Resources/Sprites/Cursor-default.png
  artifactKey: Guid(bfefe046d1713d248b110c871b608b24) Importer(2089858483,192608db42251d675da83286b1cce702)
Start importing Assets/Resources/Sprites/Cursor-default.png using Guid(bfefe046d1713d248b110c871b608b24) Importer(2089858483,192608db42251d675da83286b1cce702) (ScriptedImporter) -> (artifact id: '8b8ad32c49a8d4470743aa3f6e2ca209') in 0.0100338 seconds
Number of updated asset objects reloaded before import = 0Number of asset objects unloaded after import = 1

========================================================================
Received Import Request.
  Time since last request: 0.000020 seconds.
  path: Assets/Resources/Animations/-6.png
  artifactKey: Guid(0368b7c37b3dea44e8b7b495fa471d8e) Importer(2089858483,192608db42251d675da83286b1cce702)
Start importing Assets/Resources/Animations/-6.png using Guid(0368b7c37b3dea44e8b7b495fa471d8e) Importer(2089858483,192608db42251d675da83286b1cce702) (ScriptedImporter) -> (artifact id: '9ba38fe84687eb82d1324872670dc1d1') in 0.0154201 seconds
Number of updated asset objects reloaded before import = 0Number of asset objects unloaded after import = 3

========================================================================
Received Import Request.
  Time since last request: 0.000012 seconds.
  path: Assets/Settings/SampleSceneProfile.asset
  artifactKey: Guid(10fc4df2da32a41aaa32d77bc913491c) Importer(2089858483,192608db42251d675da83286b1cce702)
Start importing Assets/Settings/SampleSceneProfile.asset using Guid(10fc4df2da32a41aaa32d77bc913491c) Importer(2089858483,192608db42251d675da83286b1cce702) (ScriptedImporter) -> (artifact id: '7fd0eb9460bda235bd14d60b1422f3f9') in 0.0063864 seconds
Number of updated asset objects reloaded before import = 0Number of asset objects unloaded after import = 1

========================================================================
Received Import Request.
  Time since last request: 0.000017 seconds.
  path: Assets/Plugins/Ink/InkLibs/InkCompiler/FileHandler.cs
  artifactKey: Guid(beb7e0e9816ad714290ca610ac174808) Importer(2089858483,192608db42251d675da83286b1cce702)
Start importing Assets/Plugins/Ink/InkLibs/InkCompiler/FileHandler.cs using Guid(beb7e0e9816ad714290ca610ac174808) Importer(2089858483,192608db42251d675da83286b1cce702) (ScriptedImporter) -> (artifact id: '8fb50832680969aeec5eba9119d4c5ca') in 0.0086838 seconds
Number of updated asset objects reloaded before import = 0Number of asset objects unloaded after import = 0

========================================================================
Received Import Request.
  Time since last request: 0.000036 seconds.
  path: Assets/Scripts/DialogSystem/DialogueAudioInfoSO.cs
  artifactKey: Guid(b462fd58aaf1498c8d927a370cd7a07a) Importer(2089858483,192608db42251d675da83286b1cce702)
Start importing Assets/Scripts/DialogSystem/DialogueAudioInfoSO.cs using Guid(b462fd58aaf1498c8d927a370cd7a07a) Importer(2089858483,192608db42251d675da83286b1cce702) (ScriptedImporter) -> (artifact id: '347e5ee98e6cb5a05d3e154b1ad343cb') in 0.0088504 seconds
Number of updated asset objects reloaded before import = 0Number of asset objects unloaded after import = 0

========================================================================
Received Import Request.
  Time since last request: 0.000092 seconds.
  path: Assets/Plugins/Ink/Extras/Sublime3Syntax.zip
  artifactKey: Guid(db1b6d593e1a4418489b76bb1e8b5ddd) Importer(2089858483,192608db42251d675da83286b1cce702)
Start importing Assets/Plugins/Ink/Extras/Sublime3Syntax.zip using Guid(db1b6d593e1a4418489b76bb1e8b5ddd) Importer(2089858483,192608db42251d675da83286b1cce702) (ScriptedImporter) -> (artifact id: 'cd7cc9a656645353fb5a599d711e18c1') in 0.0085743 seconds
Number of updated asset objects reloaded before import = 0Number of asset objects unloaded after import = 1

========================================================================
Received Import Request.
  Time since last request: 0.000042 seconds.
  path: Assets/TextMesh Pro/Sprites/EmojiOne Attribution.txt
  artifactKey: Guid(381dcb09d5029d14897e55f98031fca5) Importer(2089858483,192608db42251d675da83286b1cce702)
Start importing Assets/TextMesh Pro/Sprites/EmojiOne Attribution.txt using Guid(381dcb09d5029d14897e55f98031fca5) Importer(2089858483,192608db42251d675da83286b1cce702) (ScriptedImporter) -> (artifact id: 'fffeca469ba8fbe9de9458b8aac336e6') in 0.0091551 seconds
Number of updated asset objects reloaded before import = 0Number of asset objects unloaded after import = 1

========================================================================
Received Import Request.
  Time since last request: 0.302400 seconds.
  path: Assets/Plugins/Ink/InkLibs/InkRuntime/Object.cs
  artifactKey: Guid(20b56f60ae0f44147bccbae6ef3d0054) Importer(2089858483,192608db42251d675da83286b1cce702)
Start importing Assets/Plugins/Ink/InkLibs/InkRuntime/Object.cs using Guid(20b56f60ae0f44147bccbae6ef3d0054) Importer(2089858483,192608db42251d675da83286b1cce702) (ScriptedImporter) -> (artifact id: 'f6df816730f2f52c1db2369c37544c2b') in 0.0105748 seconds
Number of updated asset objects reloaded before import = 0Number of asset objects unloaded after import = 0

========================================================================
Received Import Request.
  Time since last request: 0.000168 seconds.
  path: Assets/Plugins/Ink/InkLibs/InkCompiler/StringParser/StringParser.cs
  artifactKey: Guid(604abcb1d19ba4d28a071f968011e743) Importer(2089858483,192608db42251d675da83286b1cce702)
Start importing Assets/Plugins/Ink/InkLibs/InkCompiler/StringParser/StringParser.cs using Guid(604abcb1d19ba4d28a071f968011e743) Importer(2089858483,192608db42251d675da83286b1cce702) (ScriptedImporter) -> (artifact id: 'af9c866bee9039b637ef6d9ccf3d4f21') in 0.0086202 seconds
Number of updated asset objects reloaded before import = 0Number of asset objects unloaded after import = 0

========================================================================
Received Import Request.
  Time since last request: 0.000052 seconds.
  path: Assets/Plugins/Ink/InkLibs/InkCompiler/ParsedHierarchy/FlowLevel.cs
  artifactKey: Guid(b3e0618d06b104e3a82b27f11b68ad54) Importer(2089858483,192608db42251d675da83286b1cce702)
Start importing Assets/Plugins/Ink/InkLibs/InkCompiler/ParsedHierarchy/FlowLevel.cs using Guid(b3e0618d06b104e3a82b27f11b68ad54) Importer(2089858483,192608db42251d675da83286b1cce702) (ScriptedImporter) -> (artifact id: '927259cb3e1869385cf75a92191a4166') in 0.008662 seconds
Number of updated asset objects reloaded before import = 0Number of asset objects unloaded after import = 0

========================================================================
Received Import Request.
  Time since last request: 0.000019 seconds.
  path: Assets/Plugins/Ink/InkLibs/InkCompiler/ParsedHierarchy/ConstantDeclaration.cs
  artifactKey: Guid(d6c599566895c444da36111b8aa6bd5e) Importer(2089858483,192608db42251d675da83286b1cce702)
Start importing Assets/Plugins/Ink/InkLibs/InkCompiler/ParsedHierarchy/ConstantDeclaration.cs using Guid(d6c599566895c444da36111b8aa6bd5e) Importer(2089858483,192608db42251d675da83286b1cce702) (ScriptedImporter) -> (artifact id: 'a74903eccb93980adfc0f892e6351a54') in 0.011003 seconds
Number of updated asset objects reloaded before import = 0Number of asset objects unloaded after import = 0

========================================================================
Received Import Request.
  Time since last request: 0.000075 seconds.
  path: Assets/Plugins/Ink/InkLibs/InkCompiler/InkParser/InkParser.cs
  artifactKey: Guid(97d6f86dbb9994db6bd0572b69f53f25) Importer(2089858483,192608db42251d675da83286b1cce702)
Start importing Assets/Plugins/Ink/InkLibs/InkCompiler/InkParser/InkParser.cs using Guid(97d6f86dbb9994db6bd0572b69f53f25) Importer(2089858483,192608db42251d675da83286b1cce702) (ScriptedImporter) -> (artifact id: '3b71dd45819a5f625a8d7ff79c49fd2d') in 0.0088466 seconds
Number of updated asset objects reloaded before import = 0Number of asset objects unloaded after import = 0

========================================================================
Received Import Request.
  Time since last request: 0.000057 seconds.
  path: Assets/Plugins/Ink/InkLibs/InkCompiler/ParsedHierarchy/Stitch.cs
  artifactKey: Guid(bc4bd341820aa4690b360e54951da250) Importer(2089858483,192608db42251d675da83286b1cce702)
Start importing Assets/Plugins/Ink/InkLibs/InkCompiler/ParsedHierarchy/Stitch.cs using Guid(bc4bd341820aa4690b360e54951da250) Importer(2089858483,192608db42251d675da83286b1cce702) (ScriptedImporter) -> (artifact id: '09f9006961e30be28873b568596f3959') in 0.0091674 seconds
Number of updated asset objects reloaded before import = 0Number of asset objects unloaded after import = 0

========================================================================
Received Import Request.
  Time since last request: 0.000041 seconds.
  path: Assets/Plugins/Ink/Demos/Basic Demo/Scripts/QuitGameOnKeypress.cs
  artifactKey: Guid(7ce0d8573e1b2ff42af74cb80f3e5ece) Importer(2089858483,192608db42251d675da83286b1cce702)
Start importing Assets/Plugins/Ink/Demos/Basic Demo/Scripts/QuitGameOnKeypress.cs using Guid(7ce0d8573e1b2ff42af74cb80f3e5ece) Importer(2089858483,192608db42251d675da83286b1cce702) (ScriptedImporter) -> (artifact id: 'c8bb329161eec955c503dd793855e1a3') in 0.0072122 seconds
Number of updated asset objects reloaded before import = 0Number of asset objects unloaded after import = 0

========================================================================
Received Import Request.
  Time since last request: 0.000098 seconds.
  path: Assets/Plugins/Ink/InkLibs/InkCompiler/ParsedHierarchy/Knot.cs
  artifactKey: Guid(004df9f5aa1804ff1b359d44aa670019) Importer(2089858483,192608db42251d675da83286b1cce702)
Start importing Assets/Plugins/Ink/InkLibs/InkCompiler/ParsedHierarchy/Knot.cs using Guid(004df9f5aa1804ff1b359d44aa670019) Importer(2089858483,192608db42251d675da83286b1cce702) (ScriptedImporter) -> (artifact id: '63825af1479b250fc37adc31ce19a600') in 0.0101653 seconds
Number of updated asset objects reloaded before import = 0Number of asset objects unloaded after import = 0

========================================================================
Received Import Request.
  Time since last request: 0.000068 seconds.
  path: Assets/Plugins/Ink/InkLibs/InkCompiler/ParsedHierarchy/Text.cs
  artifactKey: Guid(5cce79a72f1f94786a6bb0297db32376) Importer(2089858483,192608db42251d675da83286b1cce702)
Start importing Assets/Plugins/Ink/InkLibs/InkCompiler/ParsedHierarchy/Text.cs using Guid(5cce79a72f1f94786a6bb0297db32376) Importer(2089858483,192608db42251d675da83286b1cce702) (ScriptedImporter) -> (artifact id: '54c8cd42c3a0919f5958f04926cc5683') in 0.0081889 seconds
Number of updated asset objects reloaded before import = 0Number of asset objects unloaded after import = 0

========================================================================
Received Import Request.
  Time since last request: 0.000046 seconds.
  path: Assets/Plugins/Ink/InkLibs/InkCompiler/InkParser/InkParser_Choices.cs
  artifactKey: Guid(ea21bfef8977a4907b49628d9b651ebf) Importer(2089858483,192608db42251d675da83286b1cce702)
Start importing Assets/Plugins/Ink/InkLibs/InkCompiler/InkParser/InkParser_Choices.cs using Guid(ea21bfef8977a4907b49628d9b651ebf) Importer(2089858483,192608db42251d675da83286b1cce702) (ScriptedImporter) -> (artifact id: 'f4ecd1475e9d523abeec712fa0ffce6b') in 0.0085277 seconds
Number of updated asset objects reloaded before import = 0Number of asset objects unloaded after import = 0

========================================================================
Received Import Request.
  Time since last request: 0.000107 seconds.
  path: Assets/Plugins/Ink/Editor/Tools/File Icons/InkBrowserIcons.cs
  artifactKey: Guid(38c650d4ee11f47559699f833d29d4b9) Importer(2089858483,192608db42251d675da83286b1cce702)
Start importing Assets/Plugins/Ink/Editor/Tools/File Icons/InkBrowserIcons.cs using Guid(38c650d4ee11f47559699f833d29d4b9) Importer(2089858483,192608db42251d675da83286b1cce702) (ScriptedImporter) -> (artifact id: '587947779d35c97b368d3a00ab7a787a') in 0.0104554 seconds
Number of updated asset objects reloaded before import = 0Number of asset objects unloaded after import = 0

========================================================================
Received Import Request.
  Time since last request: 0.000028 seconds.
  path: Assets/Plugins/Ink/InkLibs/InkCompiler/ParsedHierarchy/DivertTarget.cs
  artifactKey: Guid(d8a428e7434204b02921e47651c42329) Importer(2089858483,192608db42251d675da83286b1cce702)
Start importing Assets/Plugins/Ink/InkLibs/InkCompiler/ParsedHierarchy/DivertTarget.cs using Guid(d8a428e7434204b02921e47651c42329) Importer(2089858483,192608db42251d675da83286b1cce702) (ScriptedImporter) -> (artifact id: 'e8c967063586b60de3264776826ab751') in 0.0087533 seconds
Number of updated asset objects reloaded before import = 0Number of asset objects unloaded after import = 0

========================================================================
Received Import Request.
  Time since last request: 0.000045 seconds.
  path: Assets/Plugins/Ink/InkLibs/InkCompiler/ParsedHierarchy/Gather.cs
  artifactKey: Guid(c820ea7ecd7524dfa9c467fa4e72e054) Importer(2089858483,192608db42251d675da83286b1cce702)
Start importing Assets/Plugins/Ink/InkLibs/InkCompiler/ParsedHierarchy/Gather.cs using Guid(c820ea7ecd7524dfa9c467fa4e72e054) Importer(2089858483,192608db42251d675da83286b1cce702) (ScriptedImporter) -> (artifact id: 'dddf4c0d27ff33ca01b81cd0a49b8c91') in 0.0084863 seconds
Number of updated asset objects reloaded before import = 0Number of asset objects unloaded after import = 0

========================================================================
Received Import Request.
  Time since last request: 0.000025 seconds.
  path: Assets/Plugins/Ink/InkLibs/InkRuntime/SimpleJson.cs
  artifactKey: Guid(5f2b378ccb9e148929c90bae41bb2c9d) Importer(2089858483,192608db42251d675da83286b1cce702)
Start importing Assets/Plugins/Ink/InkLibs/InkRuntime/SimpleJson.cs using Guid(5f2b378ccb9e148929c90bae41bb2c9d) Importer(2089858483,192608db42251d675da83286b1cce702) (ScriptedImporter) -> (artifact id: '51f1e529c036401c9be30cce13ccde49') in 0.0100783 seconds
Number of updated asset objects reloaded before import = 0Number of asset objects unloaded after import = 0

========================================================================
Received Import Request.
  Time since last request: 0.000058 seconds.
  path: Assets/Plugins/Ink/InkLibs/InkCompiler/InkParser/InkParser_CharacterRanges.cs
  artifactKey: Guid(2383f2e1b977347c2b6fb596e9af6d97) Importer(2089858483,192608db42251d675da83286b1cce702)
Start importing Assets/Plugins/Ink/InkLibs/InkCompiler/InkParser/InkParser_CharacterRanges.cs using Guid(2383f2e1b977347c2b6fb596e9af6d97) Importer(2089858483,192608db42251d675da83286b1cce702) (ScriptedImporter) -> (artifact id: '6385e6fc6167695b6aee9be2e8ecaafc') in 0.0095682 seconds
Number of updated asset objects reloaded before import = 0Number of asset objects unloaded after import = 0

========================================================================
Received Import Request.
  Time since last request: 0.000142 seconds.
  path: Assets/Plugins/Ink/InkLibs/InkCompiler/ParsedHierarchy/Sequence.cs
  artifactKey: Guid(c69e88da4e89a46e7a7f0ae08b5b08e4) Importer(2089858483,192608db42251d675da83286b1cce702)
Start importing Assets/Plugins/Ink/InkLibs/InkCompiler/ParsedHierarchy/Sequence.cs using Guid(c69e88da4e89a46e7a7f0ae08b5b08e4) Importer(2089858483,192608db42251d675da83286b1cce702) (ScriptedImporter) -> (artifact id: '7a577c13acf8525896b0426364721229') in 0.0093564 seconds
Number of updated asset objects reloaded before import = 0Number of asset objects unloaded after import = 0

========================================================================
Received Import Request.
  Time since last request: 0.000026 seconds.
  path: Assets/Plugins/Ink/InkLibs/InkCompiler/ParsedHierarchy/Choice.cs
  artifactKey: Guid(24c93c5d49d7f498f9b658d38f48e0b3) Importer(2089858483,192608db42251d675da83286b1cce702)
Start importing Assets/Plugins/Ink/InkLibs/InkCompiler/ParsedHierarchy/Choice.cs using Guid(24c93c5d49d7f498f9b658d38f48e0b3) Importer(2089858483,192608db42251d675da83286b1cce702) (ScriptedImporter) -> (artifact id: 'aa214ede14bd6ddd7a8cbb6ed717475f') in 0.0078293 seconds
Number of updated asset objects reloaded before import = 0Number of asset objects unloaded after import = 0

========================================================================
Received Import Request.
  Time since last request: 0.000073 seconds.
  path: Assets/Plugins/Ink/InkLibs/InkCompiler/ParsedHierarchy/IncludedFile.cs
  artifactKey: Guid(d9cbcf6c1e16545b2be5a72f4064d93b) Importer(2089858483,192608db42251d675da83286b1cce702)
Start importing Assets/Plugins/Ink/InkLibs/InkCompiler/ParsedHierarchy/IncludedFile.cs using Guid(d9cbcf6c1e16545b2be5a72f4064d93b) Importer(2089858483,192608db42251d675da83286b1cce702) (ScriptedImporter) -> (artifact id: '3773871099031dd38525fb94cdd583ae') in 0.0078642 seconds
Number of updated asset objects reloaded before import = 0Number of asset objects unloaded after import = 0

========================================================================
Received Import Request.
  Time since last request: 0.332944 seconds.
  path: Assets/Plugins/Ink/Editor/Tools/File Icons/Resources/InkCompileManualIcon.psd
  artifactKey: Guid(1e91fdbfb2b154a18b675257bc4d43d9) Importer(2089858483,192608db42251d675da83286b1cce702)
Start importing Assets/Plugins/Ink/Editor/Tools/File Icons/Resources/InkCompileManualIcon.psd using Guid(1e91fdbfb2b154a18b675257bc4d43d9) Importer(2089858483,192608db42251d675da83286b1cce702) (ScriptedImporter) -> (artifact id: 'b217f90dd3e0b9cc8800aa132bbe6b42') in 0.0230939 seconds
Number of updated asset objects reloaded before import = 0Number of asset objects unloaded after import = 1

========================================================================
Received Import Request.
  Time since last request: 0.000132 seconds.
  path: Assets/Plugins/Ink/Editor/Tools/Startup Window/Resources/InkLogoIcon.png
  artifactKey: Guid(09746d3311e36764faa38d0e982f6a2d) Importer(2089858483,192608db42251d675da83286b1cce702)
Start importing Assets/Plugins/Ink/Editor/Tools/Startup Window/Resources/InkLogoIcon.png using Guid(09746d3311e36764faa38d0e982f6a2d) Importer(2089858483,192608db42251d675da83286b1cce702) (ScriptedImporter) -> (artifact id: '2ec497f54326aa3c2e12c7b3af806561') in 0.0187869 seconds
Number of updated asset objects reloaded before import = 0Number of asset objects unloaded after import = 1

========================================================================
Received Prepare
Begin MonoManager ReloadAssembly
- Loaded All Assemblies, in  0.194 seconds
Refreshing native plugins compatible for Editor in 0.24 ms, found 0 plugins.
Native extension for Android target not found
Native extension for WindowsStandalone target not found
Native extension for WebGL target not found
Mono: successfully reloaded assembly
- Finished resetting the current domain, in  0.293 seconds
Domain Reload Profiling: 486ms
	BeginReloadAssembly (124ms)
		ExecutionOrderSort (0ms)
		DisableScriptedObjects (4ms)
		BackupInstance (0ms)
		ReleaseScriptingObjects (0ms)
		CreateAndSetChildDomain (19ms)
	RebuildCommonClasses (24ms)
	RebuildNativeTypeToScriptingClass (7ms)
	initialDomainReloadingComplete (14ms)
	LoadAllAssembliesAndSetupDomain (24ms)
		LoadAssemblies (75ms)
		RebuildTransferFunctionScriptingTraits (0ms)
		AnalyzeDomain (17ms)
			TypeCache.Refresh (3ms)
				TypeCache.ScanAssembly (0ms)
			BuildScriptInfoCaches (11ms)
			ResolveRequiredComponents (2ms)
	FinalizeReload (293ms)
		ReleaseScriptCaches (0ms)
		RebuildScriptCaches (0ms)
		SetupLoadedEditorAssemblies (214ms)
			LogAssemblyErrors (0ms)
			InitializePlatformSupportModulesInManaged (11ms)
			SetLoadedEditorAssemblies (3ms)
			BeforeProcessingInitializeOnLoad (52ms)
			ProcessInitializeOnLoadAttributes (132ms)
			ProcessInitializeOnLoadMethodAttributes (14ms)
			AfterProcessingInitializeOnLoad (2ms)
			EditorAssembliesLoaded (0ms)
		ExecutionOrderSort2 (0ms)
		AwakeInstancesAfterBackupRestoration (3ms)
Refreshing native plugins compatible for Editor in 0.17 ms, found 0 plugins.
Preloading 0 native plugins for Editor in 0.00 ms.
Unloading 0 Unused Serialized files (Serialized files now loaded: 0)
Unloading 946 unused Assets / (186.6 KB). Loaded Objects now: 1465.
Memory consumption went from 61.6 MB to 61.5 MB.
Total: 4.853200 ms (FindLiveObjects: 0.158200 ms CreateObjectMapping: 0.041200 ms MarkObjects: 4.350600 ms  DeleteObjects: 0.301900 ms)

Prepare: number of updated asset objects reloaded= 0
========================================================================
Received Import Request.
  Time since last request: 106.908794 seconds.
  path: Assets/Resources/Animations/-2.png
  artifactKey: Guid(8ece69c0eb9e5d645b9f65527c0ae025) Importer(815301076,1909f56bfc062723c751e8b465ee728b)
Start importing Assets/Resources/Animations/-2.png using Guid(8ece69c0eb9e5d645b9f65527c0ae025) Importer(815301076,1909f56bfc062723c751e8b465ee728b) (PreviewImporter) -> (artifact id: '142296c58efe3503642b07720991362f') in 0.1150019 seconds
Number of updated asset objects reloaded before import = 0Number of asset objects unloaded after import = 3

========================================================================
Received Import Request.
  Time since last request: 0.000015 seconds.
  path: Assets/Resources/Animations/-7.png
  artifactKey: Guid(267f6e4bfcd148e45b1d68a12e16cc9b) Importer(815301076,1909f56bfc062723c751e8b465ee728b)
Start importing Assets/Resources/Animations/-7.png using Guid(267f6e4bfcd148e45b1d68a12e16cc9b) Importer(815301076,1909f56bfc062723c751e8b465ee728b) (PreviewImporter) -> (artifact id: '43b049a012d4190ea458f870e8655d39') in 0.012535 seconds
Number of updated asset objects reloaded before import = 0Number of asset objects unloaded after import = 3

========================================================================
Received Import Request.
  Time since last request: 0.000017 seconds.
  path: Assets/Resources/Animations/-6.png
  artifactKey: Guid(0368b7c37b3dea44e8b7b495fa471d8e) Importer(815301076,1909f56bfc062723c751e8b465ee728b)
Start importing Assets/Resources/Animations/-6.png using Guid(0368b7c37b3dea44e8b7b495fa471d8e) Importer(815301076,1909f56bfc062723c751e8b465ee728b) (PreviewImporter) -> (artifact id: '775270564f8ecc7d6f6a323cd099f633') in 0.0115552 seconds
Number of updated asset objects reloaded before import = 0Number of asset objects unloaded after import = 3

========================================================================
Received Import Request.
  Time since last request: 0.000011 seconds.
  path: Assets/Resources/Animations/-3.png
  artifactKey: Guid(a42941ce555173841b0bd0c8b23e7f03) Importer(815301076,1909f56bfc062723c751e8b465ee728b)
Start importing Assets/Resources/Animations/-3.png using Guid(a42941ce555173841b0bd0c8b23e7f03) Importer(815301076,1909f56bfc062723c751e8b465ee728b) (PreviewImporter) -> (artifact id: 'eeb38f790a69a51378172e4f5f1aea44') in 0.010214 seconds
Number of updated asset objects reloaded before import = 0Number of asset objects unloaded after import = 3

Editor requested this worker to shutdown with reason: Scaling down because of idle timeout
AssetImportWorker is now disconnected from the server
Process exiting
Exiting without the bug reporter. Application will terminate with return code 0